{
  "stats": {
    "suites": 1,
    "tests": 1,
    "passes": 1,
    "pending": 0,
    "failures": 0,
    "start": "2022-03-16T04:41:30.518Z",
    "end": "2022-03-16T04:41:43.525Z",
    "duration": 13007,
    "testsRegistered": 1,
    "passPercent": 100,
    "pendingPercent": 0,
    "other": 0,
    "hasOther": false,
    "skipped": 0,
    "hasSkipped": false
  },
  "results": [
    {
      "uuid": "2cc8797f-6012-4087-b076-22d38f1cbea9",
      "title": "",
      "fullFile": "cypress/integration/newexample/webtable.js",
      "file": "cypress/integration/newexample/webtable.js",
      "beforeHooks": [],
      "afterHooks": [],
      "tests": [],
      "suites": [
        {
          "uuid": "c4a900c4-99b3-4bf7-a8f4-ff3e5da5687b",
          "title": "My First Test Suite",
          "fullFile": "",
          "file": "",
          "beforeHooks": [],
          "afterHooks": [],
          "tests": [
            {
              "title": "My First test case",
              "fullTitle": "My First Test Suite My First test case",
              "timedOut": null,
              "duration": 10424,
              "state": "passed",
              "speed": "slow",
              "pass": true,
              "fail": false,
              "pending": false,
              "context": null,
              "code": "//txt box is visble or not\ncy.visit('https://rahulshettyacademy.com/AutomationPractice/'); //cy.get('tr td:nth-child(2)') to locate 2 column of the table\n// each toiterate each element of the 2nd column\ncy.get('tr td:nth-child(2)').each(($e1, index, $list) => {\n  const text = $e1.text();\n  if (text.includes(\"Python\")) //if the ele has text Python\n    {\n      //to resolve promise use then\n      //next() to get the sibling\n      cy.get('tr td:nth-child(2)').eq(index).next().then(function (price) {\n        const pricetext = price.text();\n        expect(pricetext).to.equal('25');\n      });\n    }\n});",
              "err": {},
              "uuid": "f4bd989d-c1e6-47f2-9fca-bea8a52310fa",
              "parentUUID": "c4a900c4-99b3-4bf7-a8f4-ff3e5da5687b",
              "isHook": false,
              "skipped": false
            }
          ],
          "suites": [],
          "passes": [
            "f4bd989d-c1e6-47f2-9fca-bea8a52310fa"
          ],
          "failures": [],
          "pending": [],
          "skipped": [],
          "duration": 10424,
          "root": false,
          "rootEmpty": false,
          "_timeout": 2000
        }
      ],
      "passes": [],
      "failures": [],
      "pending": [],
      "skipped": [],
      "duration": 0,
      "root": true,
      "rootEmpty": true,
      "_timeout": 2000
    }
  ],
  "meta": {
    "mocha": {
      "version": "7.0.1"
    },
    "mochawesome": {
      "options": {
        "quiet": false,
        "reportFilename": "mochawesome",
        "saveHtml": true,
        "saveJson": true,
        "consoleReporter": "spec",
        "useInlineDiffs": false,
        "code": true
      },
      "version": "7.1.2"
    },
    "marge": {
      "options": null,
      "version": "6.1.1"
    }
  }
}